<?xml version="1.0" encoding="UTF-8"?>
<!-- Generated by org.testng.reporters.JUnitReportReporter -->
<testsuite skipped="0" hostname="DESKTOP-K611QUO" name="org.abcd.Sample" tests="1" failures="0" timestamp="15 Nov 2022 14:32:00 GMT" time="23.759" errors="0">
  <testcase name="tc4" time="23.759" classname="org.abcd.Sample"/>
</testsuite> <!-- org.abcd.Sample -->
